Arguments: 
  C:\Program Files\nodejs\node.exe C:\Program Files (x86)\Yarn\bin\yarn.js install

PATH: 
  C:\ProgramData\Oracle\Java\javapath;C:\WINDOWS\system32;C:\WINDOWS;C:\WINDOWS\System32\Wbem;C:\WINDOWS\System32\WindowsPowerShell\v1.0\;C:\Program Files\Git\cmd;C:\Program Files (x86)\Yarn\bin;E:\xampp\php;C:\Users\User\AppData\Local\Programs\Python\Python36-32;%ANDROID_HOME%;%JAVA_HOME%;%ANDROID_HOME%\tools\;%ANDROID_HOME%\platform-tools;;C:\WINDOWS\System32\OpenSSH\;C:\Program Files\Microsoft VS Code\bin;C:\Program Files\nodejs\;C:\Users\User\.windows-build-tools\python27\;C:\Users\User\AppData\Roaming\npm\node_modules\npm\node_modules\npm-lifecycle\node-gyp-bin;C:\Users\User\AppData\Roaming\npm\node_modules\windows-build-tools\node_modules\.bin;C:\Users\User\AppData\Roaming\npm\node_modules\.bin;C:\Android\sdk;C:\Program Files\Java\jdk1.8.0_161;C:\Android\sdk\tools\;C:\Android\sdk\platform-tools;C:\Users\User\AppData\Local\Microsoft\WindowsApps;C:\Users\User\AppData\Local\Yarn\bin;C:\Android\sdk\platform-tools\;C:\Android\sdk;C:\Program Files\Java\jdk1.8.0_161;F:\Projects\Mobile App\Flutter\flutter\bin;C:\Android\sdk\emulator;C:\Users\User\AppData\Roaming\npm

Yarn version: 
  1.3.2

Node version: 
  10.14.0

Platform: 
  win32 x64

npm manifest: 
  {
    "main": "node_modules/expo/AppEntry.js",
    "scripts": {
      "start": "expo start",
      "android": "expo start --android",
      "ios": "expo start --ios",
      "web": "expo start --web",
      "eject": "expo eject"
    },
    "dependencies": {
      "expo": "^34.0.1",
      "react": "16.8.3",
      "react-dom": "^16.8.6",
      "react-native": "https://github.com/expo/react-native/archive/sdk-34.0.0.tar.gz",
      "react-native-web": "^0.11.4"
    },
    "devDependencies": {
      "babel-preset-expo": "^6.0.0"
    },
    "private": true
  }

yarn manifest: 
  No manifest

Lockfile: 
  No lockfile

Trace: 
  Error: connect ETIMEDOUT 140.82.113.4:443
      at TCPConnectWrap.afterConnect [as oncomplete] (net.js:1113:14)
